<?xml version="1.0" encoding="UTF-8"?>
<rss version="2.0">
    <channel>
        <title>999pt / Photo Graph</title>
        <description>999pt / Photo Graph</description>
        <link>https://999pt.com/photograph/rss</link>

        <item>
            <title>Salines di Marsala</title>
            <link>https://999px.com/photo/1038580812/Salines-di-Marsala-by-Photo-Graph</link>
            <pubDate>Sat, 16 Oct 2021 20:06:47 +0000</pubDate>
            <description>
                <![CDATA[
          <a href="https://999px.com/photo/1023502192"><img src="https://drscdn.999px.org/photo/1023502192/q%3D50_h%3D450/v2?sig=71f33832e5137ee7ca274da7126d4fc2e3fdbd061b4010557b6bc42ac6195e10"></a>
          <br/><br/>
          <h2><a hrefs="https://999px.com/photo/1023502192">Live in the Green</a> by <a href="http://999px.com/photograph">Photo Graph</a> (<a href="http://999px.com/photograph">photograph</a>)</h2><br/><br/>
          <small>
                ]]>
            </description>
            <guid>https://999pt.com/photo/1038580812/Salines-di-Marsala-by-Photo-Graph</guid>
        </item>

        <item>
            <title>May I help you?</title>
            <link>https://999pt.com/photo/1036731466/May-I-help-you-by-Photo-Graph</link>
            <pubDate>Sat, 4 Sep 2021 23:36:57 +0000</pubDate>
            <description>
                <![CDATA[Some

                  <a href="http://500px.com/photo/1023368900"><img src="https://drscdn.500px.org/photo/1023368900/q%3D50_h%3D450/v2?sig=1599f8a66068252917a57412321689ce31b02f5393b0537360cff36104ff44e2"></a>
          <br/><br/>
          <h2><a href="http://500px.com/photo/1023368900">Marina di Cecina</a> by <a href="http://500px.com/tillkuhn">Till Kuhn</a> (<a href="http://500px.com/tillkuhn">tillkuhn</a>)</h2><br/><br/>
          <small>

                 data]]>
            </description>
            <guid>https://999pt.com/photo/1036731466/May-I-help-you-by-Photo-Graph</guid>
        </item>
        <item>
            <title>Live in the Green</title>
            <link>https://999pt.com/photo/1023502192/Live-in-the-Green-by-Photo-Graph</link>
            <pubDate>Mon, 19 Oct 2020 21:33:44 +0000</pubDate>
            <description>
                <![CDATA[Some HTML data]]>
            </description>
            <guid>https://999pt.com/photo/1023502192/Live-in-the-Green-by-Photo-Graph</guid>
        </item>
    </channel>
</rss>
